<?xml version="1.0" encoding="UTF-8"?>
<!-- Generated by org.testng.reporters.JUnitReportReporter -->
<testsuite hostname="DESKTOP-3EEUE6J" failures="0" tests="1" name="com.project.testCases.Tc_001" time="0.419" errors="0" timestamp="2022-05-11T16:54:51 EDT" skipped="0">
  <testcase classname="com.project.testCases.Tc_001" name="loginTest" time="0.419"/>
</testsuite> <!-- com.project.testCases.Tc_001 -->
