<?xml version="1.0" encoding="UTF-8"?>
<!-- Generated by org.testng.reporters.JUnitReportReporter -->
<testsuite hostname="DESKTOP-3EEUE6J" failures="0" tests="5" name="com.project.testCases.Tc_002" time="36.925" errors="0" timestamp="2022-05-11T16:54:51 EDT" skipped="0">
  <testcase classname="com.project.testCases.Tc_002" name="loginDDT" time="6.273"/>
  <testcase classname="com.project.testCases.Tc_002" name="loginDDT" time="6.358"/>
  <testcase classname="com.project.testCases.Tc_002" name="loginDDT" time="6.307"/>
  <testcase classname="com.project.testCases.Tc_002" name="loginDDT" time="11.289"/>
  <testcase classname="com.project.testCases.Tc_002" name="loginDDT" time="6.698"/>
</testsuite> <!-- com.project.testCases.Tc_002 -->
